<?xml version="1.0" encoding="UTF-8"?>
<testsuite name="InterpreterTest" tests="1" skipped="0" failures="0" errors="0" timestamp="2021-12-18T00:42:39" hostname="DESKTOP-8MT5E9V" time="0.028">
  <properties/>
  <testcase name="testTurnStyleMachine()" classname="InterpreterTest" time="0.028"/>
  <system-out><![CDATA[]]></system-out>
  <system-err><![CDATA[]]></system-err>
</testsuite>
